
ROM used:   1296/8192 (16%)
            1296/8192 (16%) including unused fragments

            1.1 Average locations per line
            11.5 Average locations per statement

RAM used:   10/368 (3%) at main() level
            36/368 (10%) worst case

Stack used: 3 worst case (3 in main + 0 for interrupts)
Stack size: 8

Lines Stmts  %   Files
----- ----- ---  -----
   62     8   7  Sensor de temperatura DS18B20.c
  786     0   0  ..\..\..\..\..\Program Files\PICC\Devices\16F887.h
   93    22  19  1wire.c
   27    14  12  ds1820.c
  239    69  61  flex_lcd.h
----- -----
 1207   113 Total

Page ROM  %  RAM    Vol Diff  Functions:
---- --- --- ---    --- ----  ----------
0     20   2    1             @delay_ms1
0     15   1    1             @delay_us1
0     25   2    1     86  1.3  onewire_reset
0     36   3    2    272  4.3  onewire_write
0     37   3    2    284  4.6  onewire_read
0    316  24   13    481  4.0  ds1820_read
 Inline         2    319  4.1  @SITOF
 Inline        14    384  4.4  @DIVFF
0      8   1    0    186  5.5  @const663
0     44   3    1    328  2.7  lcd_send_nibble
0     37   3    1    362  2.3  lcd_read_nibble
 Inline         3    165  3.3  lcd_read_byte
0     61   5    3    319  4.1  lcd_send_byte
0     48   4    2    384  4.4  lcd_init
 Inline         4    186  5.5  lcd_gotoxy
0     52   4    1    275  3.9  lcd_putc
0     73   6    1    160  2.5  MAIN
0     11   1    0             @const698
0     89   7    5             @PSTRINGCN7_685
 Inline        13             @MULFF
 Inline         5             @FTOSD
0     79   6   13             @DIV3232
0    341  26   13             @PRINTF_L32D_685FPFPF
 Inline         0             @cinit1

Program metrics:
    Functions               15
    Statements              113
    Comments                310
    Volume (V)              7312
    Difficulty (D)          55.0
    Effort to implement (E) 401855
    Time to implement (T)   6 hours, 12 minutes
    Est Delivered Bugs (B)  2
    Cyclomatic Complexity   14
    Maintainability (MI)    140

 Segment     Used  Free
-----------  ----  ----
00000-00003     4  0  
00004-007FF  1292  752  
00800-00FFF     0  2048  
01000-017FF     0  2048  
01800-01FFF     0  2048  



